-------------------------------------------------------------------------------
Test set: test.TesteEmpregado
-------------------------------------------------------------------------------
Tests run: 2, Failures: 0, Errors: 2, Skipped: 0, Time elapsed: 0.482 sec <<< FAILURE!
test.TesteEmpregado  Time elapsed: 0.48 sec  <<< ERROR!
Local Exception Stack: 
Exception [EclipseLink-30005] (Eclipse Persistence Services - 2.7.8.v20201217-ecdf3c32c4): org.eclipse.persistence.exceptions.PersistenceUnitLoadingException
Exception Description: An exception was thrown while searching for persistence archives with ClassLoader: sun.misc.Launcher$AppClassLoader@42a57993
Internal Exception: javax.persistence.PersistenceException: Exception [EclipseLink-28018] (Eclipse Persistence Services - 2.7.8.v20201217-ecdf3c32c4): org.eclipse.persistence.exceptions.EntityManagerSetupException
Exception Description: Predeployment of PersistenceUnit [DESCORP] failed.
Internal Exception: Exception [EclipseLink-7154] (Eclipse Persistence Services - 2.7.8.v20201217-ecdf3c32c4): org.eclipse.persistence.exceptions.ValidationException
Exception Description: The attribute [empregados] in entity class [class com.mycompany.descorp.Projeto] has a mappedBy value of [empregado] which does not exist in its owning entity class [class com.mycompany.descorp.Empregado]. If the owning entity class is a @MappedSuperclass, this is invalid, and your attribute should reference the correct subclass.
	at org.eclipse.persistence.exceptions.PersistenceUnitLoadingException.exceptionSearchingForPersistenceResources(PersistenceUnitLoadingException.java:129)
	at org.eclipse.persistence.jpa.PersistenceProvider.createEntityManagerFactoryImpl(PersistenceProvider.java:118)
	at org.eclipse.persistence.jpa.PersistenceProvider.createEntityManagerFactory(PersistenceProvider.java:191)
	at javax.persistence.Persistence.createEntityManagerFactory(Persistence.java:80)
	at javax.persistence.Persistence.createEntityManagerFactory(Persistence.java:55)
	at test.Teste.setUpClass(Teste.java:31)
	at sun.reflect.NativeMethodAccessorImpl.invoke0(Native Method)
	at sun.reflect.NativeMethodAccessorImpl.invoke(NativeMethodAccessorImpl.java:62)
	at sun.reflect.DelegatingMethodAccessorImpl.invoke(DelegatingMethodAccessorImpl.java:43)
	at java.lang.reflect.Method.invoke(Method.java:498)
	at org.junit.runners.model.FrameworkMethod$1.runReflectiveCall(FrameworkMethod.java:59)
	at org.junit.internal.runners.model.ReflectiveCallable.run(ReflectiveCallable.java:12)
	at org.junit.runners.model.FrameworkMethod.invokeExplosively(FrameworkMethod.java:56)
	at org.junit.internal.runners.statements.RunBefores.invokeMethod(RunBefores.java:33)
	at org.junit.internal.runners.statements.RunBefores.evaluate(RunBefores.java:24)
	at org.junit.internal.runners.statements.RunAfters.evaluate(RunAfters.java:27)
	at org.junit.runners.ParentRunner$3.evaluate(ParentRunner.java:306)
	at org.junit.runners.ParentRunner.run(ParentRunner.java:413)
	at org.apache.maven.surefire.junit4.JUnit4Provider.execute(JUnit4Provider.java:252)
	at org.apache.maven.surefire.junit4.JUnit4Provider.executeTestSet(JUnit4Provider.java:141)
	at org.apache.maven.surefire.junit4.JUnit4Provider.invoke(JUnit4Provider.java:112)
	at sun.reflect.NativeMethodAccessorImpl.invoke0(Native Method)
	at sun.reflect.NativeMethodAccessorImpl.invoke(NativeMethodAccessorImpl.java:62)
	at sun.reflect.DelegatingMethodAccessorImpl.invoke(DelegatingMethodAccessorImpl.java:43)
	at java.lang.reflect.Method.invoke(Method.java:498)
	at org.apache.maven.surefire.util.ReflectionUtils.invokeMethodWithArray(ReflectionUtils.java:189)
	at org.apache.maven.surefire.booter.ProviderFactory$ProviderProxy.invoke(ProviderFactory.java:165)
	at org.apache.maven.surefire.booter.ProviderFactory.invokeProvider(ProviderFactory.java:85)
	at org.apache.maven.surefire.booter.ForkedBooter.runSuitesInProcess(ForkedBooter.java:115)
	at org.apache.maven.surefire.booter.ForkedBooter.main(ForkedBooter.java:75)
Caused by: javax.persistence.PersistenceException: Exception [EclipseLink-28018] (Eclipse Persistence Services - 2.7.8.v20201217-ecdf3c32c4): org.eclipse.persistence.exceptions.EntityManagerSetupException
Exception Description: Predeployment of PersistenceUnit [DESCORP] failed.
Internal Exception: Exception [EclipseLink-7154] (Eclipse Persistence Services - 2.7.8.v20201217-ecdf3c32c4): org.eclipse.persistence.exceptions.ValidationException
Exception Description: The attribute [empregados] in entity class [class com.mycompany.descorp.Projeto] has a mappedBy value of [empregado] which does not exist in its owning entity class [class com.mycompany.descorp.Empregado]. If the owning entity class is a @MappedSuperclass, this is invalid, and your attribute should reference the correct subclass.
	at org.eclipse.persistence.internal.jpa.EntityManagerSetupImpl.createPredeployFailedPersistenceException(EntityManagerSetupImpl.java:2109)
	at org.eclipse.persistence.internal.jpa.EntityManagerSetupImpl.predeploy(EntityManagerSetupImpl.java:2085)
	at org.eclipse.persistence.internal.jpa.deployment.JPAInitializer.callPredeploy(JPAInitializer.java:104)
	at org.eclipse.persistence.jpa.PersistenceProvider.createEntityManagerFactoryImpl(PersistenceProvider.java:107)
	... 28 more
Caused by: Exception [EclipseLink-28018] (Eclipse Persistence Services - 2.7.8.v20201217-ecdf3c32c4): org.eclipse.persistence.exceptions.EntityManagerSetupException
Exception Description: Predeployment of PersistenceUnit [DESCORP] failed.
Internal Exception: Exception [EclipseLink-7154] (Eclipse Persistence Services - 2.7.8.v20201217-ecdf3c32c4): org.eclipse.persistence.exceptions.ValidationException
Exception Description: The attribute [empregados] in entity class [class com.mycompany.descorp.Projeto] has a mappedBy value of [empregado] which does not exist in its owning entity class [class com.mycompany.descorp.Empregado]. If the owning entity class is a @MappedSuperclass, this is invalid, and your attribute should reference the correct subclass.
	at org.eclipse.persistence.exceptions.EntityManagerSetupException.predeployFailed(EntityManagerSetupException.java:233)
	... 32 more
Caused by: Exception [EclipseLink-7154] (Eclipse Persistence Services - 2.7.8.v20201217-ecdf3c32c4): org.eclipse.persistence.exceptions.ValidationException
Exception Description: The attribute [empregados] in entity class [class com.mycompany.descorp.Projeto] has a mappedBy value of [empregado] which does not exist in its owning entity class [class com.mycompany.descorp.Empregado]. If the owning entity class is a @MappedSuperclass, this is invalid, and your attribute should reference the correct subclass.
	at org.eclipse.persistence.exceptions.ValidationException.noMappedByAttributeFound(ValidationException.java:1376)
	at org.eclipse.persistence.internal.jpa.metadata.accessors.mappings.RelationshipAccessor.getOwningMapping(RelationshipAccessor.java:491)
	at org.eclipse.persistence.internal.jpa.metadata.accessors.mappings.ManyToManyAccessor.process(ManyToManyAccessor.java:156)
	at org.eclipse.persistence.internal.jpa.metadata.MetadataProject.processNonOwningRelationshipAccessors(MetadataProject.java:1652)
	at org.eclipse.persistence.internal.jpa.metadata.MetadataProject.processStage3(MetadataProject.java:1941)
	at org.eclipse.persistence.internal.jpa.metadata.MetadataProcessor.processORMMetadata(MetadataProcessor.java:584)
	at org.eclipse.persistence.internal.jpa.deployment.PersistenceUnitProcessor.processORMetadata(PersistenceUnitProcessor.java:629)
	at org.eclipse.persistence.internal.jpa.EntityManagerSetupImpl.predeploy(EntityManagerSetupImpl.java:2006)
	... 30 more

test.TesteEmpregado  Time elapsed: 0.481 sec  <<< ERROR!
java.lang.NullPointerException
	at test.Teste.tearDownClass(Teste.java:37)
	at sun.reflect.NativeMethodAccessorImpl.invoke0(Native Method)
	at sun.reflect.NativeMethodAccessorImpl.invoke(NativeMethodAccessorImpl.java:62)
	at sun.reflect.DelegatingMethodAccessorImpl.invoke(DelegatingMethodAccessorImpl.java:43)
	at java.lang.reflect.Method.invoke(Method.java:498)
	at org.junit.runners.model.FrameworkMethod$1.runReflectiveCall(FrameworkMethod.java:59)
	at org.junit.internal.runners.model.ReflectiveCallable.run(ReflectiveCallable.java:12)
	at org.junit.runners.model.FrameworkMethod.invokeExplosively(FrameworkMethod.java:56)
	at org.junit.internal.runners.statements.RunAfters.invokeMethod(RunAfters.java:46)
	at org.junit.internal.runners.statements.RunAfters.evaluate(RunAfters.java:33)
	at org.junit.runners.ParentRunner$3.evaluate(ParentRunner.java:306)
	at org.junit.runners.ParentRunner.run(ParentRunner.java:413)
	at org.apache.maven.surefire.junit4.JUnit4Provider.execute(JUnit4Provider.java:252)
	at org.apache.maven.surefire.junit4.JUnit4Provider.executeTestSet(JUnit4Provider.java:141)
	at org.apache.maven.surefire.junit4.JUnit4Provider.invoke(JUnit4Provider.java:112)
	at sun.reflect.NativeMethodAccessorImpl.invoke0(Native Method)
	at sun.reflect.NativeMethodAccessorImpl.invoke(NativeMethodAccessorImpl.java:62)
	at sun.reflect.DelegatingMethodAccessorImpl.invoke(DelegatingMethodAccessorImpl.java:43)
	at java.lang.reflect.Method.invoke(Method.java:498)
	at org.apache.maven.surefire.util.ReflectionUtils.invokeMethodWithArray(ReflectionUtils.java:189)
	at org.apache.maven.surefire.booter.ProviderFactory$ProviderProxy.invoke(ProviderFactory.java:165)
	at org.apache.maven.surefire.booter.ProviderFactory.invokeProvider(ProviderFactory.java:85)
	at org.apache.maven.surefire.booter.ForkedBooter.runSuitesInProcess(ForkedBooter.java:115)
	at org.apache.maven.surefire.booter.ForkedBooter.main(ForkedBooter.java:75)

