<?xml version="1.0" encoding="UTF-8" ?>
<testsuite tests="1" failures="0" name="tests.DESCORP.java.TestSuite" time="0.594" errors="1" skipped="0">
  <properties>
[...]
</properties>
  <testcase classname="test.TesteDepartamento" name="test.TesteDepartamento" time="0.594">
    <error message="Exception processing table name=&apos;TB_ENDERECO&apos;" type="org.dbunit.DatabaseUnitException">org.dbunit.DatabaseUnitException: Exception processing table name=&apos;TB_ENDERECO&apos;
	at org.dbunit.operation.AbstractBatchOperation.execute(AbstractBatchOperation.java:240)
	at org.dbunit.operation.CompositeOperation.execute(CompositeOperation.java:79)
	at tests.DESCORP.java.DbUnitUtil.insertData(DbUnitUtil.java:38)
	at test.Teste.setUpClass(Teste.java:32)
	at java.base/jdk.internal.reflect.NativeMethodAccessorImpl.invoke0(Native Method)
	at java.base/jdk.internal.reflect.NativeMethodAccessorImpl.invoke(NativeMethodAccessorImpl.java:62)
	at java.base/jdk.internal.reflect.DelegatingMethodAccessorImpl.invoke(DelegatingMethodAccessorImpl.java:43)
	at java.base/java.lang.reflect.Method.invoke(Method.java:564)
	at org.junit.runners.model.FrameworkMethod$1.runReflectiveCall(FrameworkMethod.java:59)
	at org.junit.internal.runners.model.ReflectiveCallable.run(ReflectiveCallable.java:12)
	at org.junit.runners.model.FrameworkMethod.invokeExplosively(FrameworkMethod.java:56)
	at org.junit.internal.runners.statements.RunBefores.invokeMethod(RunBefores.java:33)
	at org.junit.internal.runners.statements.RunBefores.evaluate(RunBefores.java:24)
	at org.junit.internal.runners.statements.RunAfters.evaluate(RunAfters.java:27)
	at org.junit.runners.ParentRunner$3.evaluate(ParentRunner.java:306)
	at org.junit.runners.ParentRunner.run(ParentRunner.java:413)
	at org.junit.runners.Suite.runChild(Suite.java:128)
	at org.junit.runners.Suite.runChild(Suite.java:27)
	at org.junit.runners.ParentRunner$4.run(ParentRunner.java:331)
	at org.junit.runners.ParentRunner$1.schedule(ParentRunner.java:79)
	at org.junit.runners.ParentRunner.runChildren(ParentRunner.java:329)
	at org.junit.runners.ParentRunner.access$100(ParentRunner.java:66)
	at org.junit.runners.ParentRunner$2.evaluate(ParentRunner.java:293)
	at org.junit.runners.ParentRunner$3.evaluate(ParentRunner.java:306)
	at org.junit.runners.ParentRunner.run(ParentRunner.java:413)
	at org.apache.maven.surefire.junit4.JUnit4Provider.execute(JUnit4Provider.java:252)
	at org.apache.maven.surefire.junit4.JUnit4Provider.executeTestSet(JUnit4Provider.java:141)
	at org.apache.maven.surefire.junit4.JUnit4Provider.invoke(JUnit4Provider.java:112)
	at java.base/jdk.internal.reflect.NativeMethodAccessorImpl.invoke0(Native Method)
	at java.base/jdk.internal.reflect.NativeMethodAccessorImpl.invoke(NativeMethodAccessorImpl.java:62)
	at java.base/jdk.internal.reflect.DelegatingMethodAccessorImpl.invoke(DelegatingMethodAccessorImpl.java:43)
	at java.base/java.lang.reflect.Method.invoke(Method.java:564)
	at org.apache.maven.surefire.util.ReflectionUtils.invokeMethodWithArray(ReflectionUtils.java:189)
	at org.apache.maven.surefire.booter.ProviderFactory$ProviderProxy.invoke(ProviderFactory.java:165)
	at org.apache.maven.surefire.booter.ProviderFactory.invokeProvider(ProviderFactory.java:85)
	at org.apache.maven.surefire.booter.ForkedBooter.runSuitesInProcess(ForkedBooter.java:115)
	at org.apache.maven.surefire.booter.ForkedBooter.main(ForkedBooter.java:75)
Caused by: java.sql.SQLIntegrityConstraintViolationException: A coluna &apos;ID&apos; não aceita valor nulo.
	at org.apache.derby.client.am.SQLExceptionFactory.getSQLException(Unknown Source)
	at org.apache.derby.client.am.SqlException.getSQLException(Unknown Source)
	at org.apache.derby.client.am.ClientPreparedStatement.execute(Unknown Source)
	at org.dbunit.database.statement.SimplePreparedStatement.addBatch(SimplePreparedStatement.java:85)
	at org.dbunit.database.statement.AutomaticPreparedBatchStatement.addBatch(AutomaticPreparedBatchStatement.java:70)
	at org.dbunit.operation.AbstractBatchOperation.execute(AbstractBatchOperation.java:224)
	... 36 more
Caused by: ERROR 23502: A coluna &apos;ID&apos; não aceita valor nulo.
	at org.apache.derby.client.am.ClientStatement.completeExecute(Unknown Source)
	at org.apache.derby.client.net.NetStatementReply.parseEXCSQLSTTreply(Unknown Source)
	at org.apache.derby.client.net.NetStatementReply.readExecute(Unknown Source)
	at org.apache.derby.client.net.StatementReply.readExecute(Unknown Source)
	at org.apache.derby.client.net.NetPreparedStatement.readExecute_(Unknown Source)
	at org.apache.derby.client.am.ClientPreparedStatement.readExecute(Unknown Source)
	at org.apache.derby.client.am.ClientPreparedStatement.flowExecute(Unknown Source)
	at org.apache.derby.client.am.ClientPreparedStatement.executeX(Unknown Source)
	... 40 more
</error>
    <system-out>[EL Fine]: moxy: 2021-03-16 22:12:18.064--Thread(Thread[main,5,main])--SAXParserFactory instance: com.sun.org.apache.xerces.internal.jaxp.SAXParserFactoryImpl@2fd1731c
[EL Fine]: server: 2021-03-16 22:12:18.076--Thread(Thread[main,5,main])--Configured server platform: org.eclipse.persistence.platform.server.NoServerPlatform
[EL Config]: metadata: 2021-03-16 22:12:18.115--ServerSession(1525114112)--Thread(Thread[main,5,main])--The access type for the persistent class [class com.mycompany.descorp.Conta] is set to [FIELD].
[EL Config]: metadata: 2021-03-16 22:12:18.117--ServerSession(1525114112)--Thread(Thread[main,5,main])--The target entity (reference) class for the many to one mapping element [field empregado] is being defaulted to: class com.mycompany.descorp.Empregado.
[EL Config]: metadata: 2021-03-16 22:12:18.12--ServerSession(1525114112)--Thread(Thread[main,5,main])--The access type for the persistent class [class com.mycompany.descorp.Departamento] is set to [FIELD].
[EL Config]: metadata: 2021-03-16 22:12:18.122--ServerSession(1525114112)--Thread(Thread[main,5,main])--The target entity (reference) class for the one to many mapping element [field empregados] is being defaulted to: class com.mycompany.descorp.Empregado.
[EL Config]: metadata: 2021-03-16 22:12:18.123--ServerSession(1525114112)--Thread(Thread[main,5,main])--The access type for the persistent class [class com.mycompany.descorp.Projeto] is set to [FIELD].
[EL Config]: metadata: 2021-03-16 22:12:18.124--ServerSession(1525114112)--Thread(Thread[main,5,main])--The access type for the persistent class [class com.mycompany.descorp.Endereco] is set to [FIELD].
[EL Config]: metadata: 2021-03-16 22:12:18.126--ServerSession(1525114112)--Thread(Thread[main,5,main])--The access type for the persistent class [class com.mycompany.descorp.Empregado] is set to [FIELD].
[EL Config]: metadata: 2021-03-16 22:12:18.127--ServerSession(1525114112)--Thread(Thread[main,5,main])--The target entity (reference) class for the one to one mapping element [field endereco] is being defaulted to: class com.mycompany.descorp.Endereco.
[EL Config]: metadata: 2021-03-16 22:12:18.128--ServerSession(1525114112)--Thread(Thread[main,5,main])--The target entity (reference) class for the many to one mapping element [field departamento] is being defaulted to: class com.mycompany.descorp.Departamento.
[EL Config]: metadata: 2021-03-16 22:12:18.13--ServerSession(1525114112)--Thread(Thread[main,5,main])--The target entity (reference) class for the one to many mapping element [field contas] is being defaulted to: class com.mycompany.descorp.Conta.
[EL Config]: metadata: 2021-03-16 22:12:18.131--ServerSession(1525114112)--Thread(Thread[main,5,main])--The access type for the persistent class [class com.mycompany.descorp.RelProjeto] is set to [FIELD].
[EL Config]: metadata: 2021-03-16 22:12:18.134--ServerSession(1525114112)--Thread(Thread[main,5,main])--The target entity (reference) class for the many to one mapping element [field empregado] is being defaulted to: class com.mycompany.descorp.Empregado.
[EL Config]: metadata: 2021-03-16 22:12:18.135--ServerSession(1525114112)--Thread(Thread[main,5,main])--The target entity (reference) class for the many to one mapping element [field projeto] is being defaulted to: class com.mycompany.descorp.Projeto.
[EL Config]: metadata: 2021-03-16 22:12:18.139--ServerSession(1525114112)--Thread(Thread[main,5,main])--The alias name for the entity class [class com.mycompany.descorp.Conta] is being defaulted to: Conta.
[EL Config]: metadata: 2021-03-16 22:12:18.141--ServerSession(1525114112)--Thread(Thread[main,5,main])--The column name for element [id] is being defaulted to: ID.
[EL Config]: metadata: 2021-03-16 22:12:18.142--ServerSession(1525114112)--Thread(Thread[main,5,main])--The alias name for the entity class [class com.mycompany.descorp.Departamento] is being defaulted to: Departamento.
[EL Config]: metadata: 2021-03-16 22:12:18.144--ServerSession(1525114112)--Thread(Thread[main,5,main])--The column name for element [id] is being defaulted to: ID.
[EL Config]: metadata: 2021-03-16 22:12:18.144--ServerSession(1525114112)--Thread(Thread[main,5,main])--The alias name for the entity class [class com.mycompany.descorp.Projeto] is being defaulted to: Projeto.
[EL Config]: metadata: 2021-03-16 22:12:18.145--ServerSession(1525114112)--Thread(Thread[main,5,main])--The column name for element [id] is being defaulted to: ID.
[EL Config]: metadata: 2021-03-16 22:12:18.148--ServerSession(1525114112)--Thread(Thread[main,5,main])--The alias name for the entity class [class com.mycompany.descorp.Endereco] is being defaulted to: Endereco.
[EL Config]: metadata: 2021-03-16 22:12:18.151--ServerSession(1525114112)--Thread(Thread[main,5,main])--The column name for element [id] is being defaulted to: ID.
[EL Config]: metadata: 2021-03-16 22:12:18.152--ServerSession(1525114112)--Thread(Thread[main,5,main])--The alias name for the entity class [class com.mycompany.descorp.Empregado] is being defaulted to: Empregado.
[EL Config]: metadata: 2021-03-16 22:12:18.169--ServerSession(1525114112)--Thread(Thread[main,5,main])--The column name for element [id] is being defaulted to: ID.
[EL Config]: metadata: 2021-03-16 22:12:18.171--ServerSession(1525114112)--Thread(Thread[main,5,main])--The primary key column name for the mapping element [field empregado] is being defaulted to: ID.
[EL Config]: metadata: 2021-03-16 22:12:18.205--ServerSession(1525114112)--Thread(Thread[main,5,main])--The primary key column name for the mapping element [field empregado] is being defaulted to: ID.
[EL Config]: metadata: 2021-03-16 22:12:18.207--ServerSession(1525114112)--Thread(Thread[main,5,main])--The primary key column name for the mapping element [field projeto] is being defaulted to: ID.
[EL Info]: 2021-03-16 22:12:18.214--ServerSession(1525114112)--Thread(Thread[main,5,main])--EclipseLink, version: Eclipse Persistence Services - 2.7.8.v20201217-ecdf3c32c4
[EL Fine]: connection: 2021-03-16 22:12:18.215--ServerSession(1525114112)--Connection(454160179)--Thread(Thread[main,5,main])--connecting(DatabaseLogin(
	platform=&gt;DerbyPlatform
	user name=&gt; &quot;app&quot;
	datasource URL=&gt; &quot;jdbc:derby://localhost:1527/DESCORP;create=true&quot;
))
[EL Config]: connection: 2021-03-16 22:12:18.221--ServerSession(1525114112)--Connection(74885833)--Thread(Thread[main,5,main])--Connected: jdbc:derby://localhost:1527/DESCORP;create=true
	User: app
	Database: Apache Derby  Version: 10.14.2.0 - (1828579)
	Driver: Apache Derby Network Client JDBC Driver  Version: 10.14.2.0 - (1828579)
[EL Warning]: metadata: 2021-03-16 22:12:18.222--ServerSession(1525114112)--Thread(Thread[main,5,main])--Reverting the lazy setting on the OneToOne or ManyToOne attribute [endereco] for the entity class [class com.mycompany.descorp.Empregado] since weaving was not enabled or did not occur.
[EL Warning]: metadata: 2021-03-16 22:12:18.222--ServerSession(1525114112)--Thread(Thread[main,5,main])--Reverting the lazy setting on the OneToOne or ManyToOne attribute [departamento] for the entity class [class com.mycompany.descorp.Empregado] since weaving was not enabled or did not occur.
[EL Fine]: connection: 2021-03-16 22:12:18.233--ServerSession(1525114112)--Thread(Thread[main,5,main])--/file:/C:/Users/David/Desktop/DESCORP/DESCORP/target/classes/_DESCORP login successful
[EL Fine]: sql: 2021-03-16 22:12:18.235--ServerSession(1525114112)--Connection(74885833)--Thread(Thread[main,5,main])--ALTER TABLE TB_EMPREGADO DROP CONSTRAINT TBMPRGDOddprtmento
[EL Fine]: sql: 2021-03-16 22:12:18.247--ServerSession(1525114112)--Connection(74885833)--Thread(Thread[main,5,main])--ALTER TABLE TB_EMPREGADO DROP CONSTRAINT TBMPREGADOdndereco
[EL Fine]: sql: 2021-03-16 22:12:18.258--ServerSession(1525114112)--Connection(74885833)--Thread(Thread[main,5,main])--ALTER TABLE TB_CONTA DROP CONSTRAINT TBCONTAidempregado
[EL Fine]: sql: 2021-03-16 22:12:18.269--ServerSession(1525114112)--Connection(74885833)--Thread(Thread[main,5,main])--DROP TABLE TB_PROJETO
[EL Fine]: sql: 2021-03-16 22:12:18.288--ServerSession(1525114112)--Connection(74885833)--Thread(Thread[main,5,main])--DROP TABLE TB_EMPREGADO
[EL Fine]: sql: 2021-03-16 22:12:18.304--ServerSession(1525114112)--Connection(74885833)--Thread(Thread[main,5,main])--DROP TABLE TB_CONTA
[EL Fine]: sql: 2021-03-16 22:12:18.315--ServerSession(1525114112)--Connection(74885833)--Thread(Thread[main,5,main])--DROP TABLE TB_DEPARTAMENTO
[EL Fine]: sql: 2021-03-16 22:12:18.334--ServerSession(1525114112)--Connection(74885833)--Thread(Thread[main,5,main])--DROP TABLE TB_ENDERECO
[EL Fine]: sql: 2021-03-16 22:12:18.35--ServerSession(1525114112)--Connection(74885833)--Thread(Thread[main,5,main])--DROP SEQUENCE SEQ_GEN_SEQUENCE RESTRICT
[EL Fine]: sql: 2021-03-16 22:12:18.356--ServerSession(1525114112)--Connection(74885833)--Thread(Thread[main,5,main])--CREATE TABLE TB_PROJETO (ID INTEGER NOT NULL, descricao VARCHAR(255) NOT NULL, nome VARCHAR(255) NOT NULL UNIQUE, PRIMARY KEY (ID))
[EL Fine]: sql: 2021-03-16 22:12:18.375--ServerSession(1525114112)--Connection(74885833)--Thread(Thread[main,5,main])--CREATE TABLE TB_EMPREGADO (ID INTEGER NOT NULL, cargo VARCHAR(255) NOT NULL UNIQUE, name VARCHAR(255) NOT NULL, salario FLOAT NOT NULL, id_departamento INTEGER, id_endereco INTEGER, PRIMARY KEY (ID))
[EL Fine]: sql: 2021-03-16 22:12:18.395--ServerSession(1525114112)--Connection(74885833)--Thread(Thread[main,5,main])--CREATE TABLE TB_CONTA (ID INTEGER NOT NULL, agencia VARCHAR(255) NOT NULL, banco VARCHAR(255) NOT NULL, conta VARCHAR(255) NOT NULL, digito INTEGER NOT NULL, id_empregado INTEGER, PRIMARY KEY (ID))
[EL Fine]: sql: 2021-03-16 22:12:18.41--ServerSession(1525114112)--Connection(74885833)--Thread(Thread[main,5,main])--CREATE TABLE TB_DEPARTAMENTO (ID INTEGER GENERATED BY DEFAULT AS IDENTITY NOT NULL, NAME VARCHAR(255) NOT NULL UNIQUE, PRIMARY KEY (ID))
[EL Fine]: sql: 2021-03-16 22:12:18.434--ServerSession(1525114112)--Connection(74885833)--Thread(Thread[main,5,main])--CREATE TABLE TB_ENDERECO (ID INTEGER NOT NULL, cep VARCHAR(255) NOT NULL UNIQUE, cidade VARCHAR(255) NOT NULL, complemento VARCHAR(255) NOT NULL, estado VARCHAR(255) NOT NULL, logradouro VARCHAR(255) NOT NULL, numero INTEGER NOT NULL, PRIMARY KEY (ID))
[EL Fine]: sql: 2021-03-16 22:12:18.452--ServerSession(1525114112)--Connection(74885833)--Thread(Thread[main,5,main])--ALTER TABLE TB_EMPREGADO ADD CONSTRAINT TBMPRGDOddprtmento FOREIGN KEY (id_departamento) REFERENCES TB_DEPARTAMENTO (ID)
[EL Fine]: sql: 2021-03-16 22:12:18.461--ServerSession(1525114112)--Connection(74885833)--Thread(Thread[main,5,main])--ALTER TABLE TB_EMPREGADO ADD CONSTRAINT TBMPREGADOdndereco FOREIGN KEY (id_endereco) REFERENCES TB_ENDERECO (ID)
[EL Fine]: sql: 2021-03-16 22:12:18.471--ServerSession(1525114112)--Connection(74885833)--Thread(Thread[main,5,main])--ALTER TABLE TB_CONTA ADD CONSTRAINT TBCONTAidempregado FOREIGN KEY (id_empregado) REFERENCES TB_EMPREGADO (ID)
[EL Fine]: sql: 2021-03-16 22:12:18.48--ServerSession(1525114112)--Connection(74885833)--Thread(Thread[main,5,main])--VALUES(NEXT VALUE FOR SEQ_GEN_SEQUENCE)
[EL Fine]: sql: 2021-03-16 22:12:18.482--ServerSession(1525114112)--Thread(Thread[main,5,main])--VALUES(1)
[EL Warning]: 2021-03-16 22:12:18.484--ServerSession(1525114112)--Thread(Thread[main,5,main])--Exception [EclipseLink-4002] (Eclipse Persistence Services - 2.7.8.v20201217-ecdf3c32c4): org.eclipse.persistence.exceptions.DatabaseException
Internal Exception: java.sql.SQLSyntaxErrorException: SEQUENCE &apos;APP.SEQ_GEN_SEQUENCE&apos; não existe.
Error Code: 30000
Call: VALUES(NEXT VALUE FOR SEQ_GEN_SEQUENCE)
Query: ValueReadQuery(sql=&quot;VALUES(NEXT VALUE FOR SEQ_GEN_SEQUENCE)&quot;)
[EL Fine]: sql: 2021-03-16 22:12:18.484--ServerSession(1525114112)--Connection(74885833)--Thread(Thread[main,5,main])--CREATE SEQUENCE SEQ_GEN_SEQUENCE INCREMENT BY 50 START WITH 50
[EL Fine]: connection: 2021-03-16 22:12:18.553--ServerSession(1525114112)--Connection(74885833)--Thread(Thread[main,5,main])--disconnect
[EL Fine]: connection: 2021-03-16 22:12:18.554--ServerSession(1525114112)--Thread(Thread[main,5,main])--/file:/C:/Users/David/Desktop/DESCORP/DESCORP/target/classes/_DESCORP logout successful
[EL Fine]: connection: 2021-03-16 22:12:18.554--ServerSession(1525114112)--Connection(454160179)--Thread(Thread[main,5,main])--disconnect
</system-out>
  </testcase>
</testsuite>